<?xml version="1.0" encoding="UTF-8"?>
<!-- Generated by org.testng.reporters.JUnitXMLReporter -->
<testsuite hostname="404-103" name="Default test" tests="8" failures="0" timestamp="4 Mar 2016 15:09:37 GMT" time="75.708" errors="0">
  <testcase name="testAddRestaurant" time="34.18" classname="allcafe.selenium.MainMenuTest"/>
  <testcase name="testDelivery" time="0.932" classname="allcafe.selenium.MainMenuTest"/>
  <testcase name="testDiscounts" time="1.739" classname="allcafe.selenium.MainMenuTest"/>
  <testcase name="testJournal" time="1.339" classname="allcafe.selenium.MainMenuTest"/>
  <testcase name="testPoster" time="2.433" classname="allcafe.selenium.MainMenuTest"/>
  <testcase name="testRatings" time="1.537" classname="allcafe.selenium.MainMenuTest"/>
  <testcase name="testRestaurantCatalog" time="2.79" classname="allcafe.selenium.MainMenuTest"/>
  <testcase name="testReviews" time="1.806" classname="allcafe.selenium.MainMenuTest"/>
</testsuite> <!-- Default test -->
