<?xml version="1.0" encoding="UTF-8"?>
<testng-results skipped="0" failed="1" total="1" passed="0">
  <reporter-output>
  </reporter-output>
  <suite name="Default suite" duration-ms="22357" started-at="2016-02-20T15:59:54Z" finished-at="2016-02-20T16:00:17Z">
    <groups>
    </groups>
    <test name="Default test" duration-ms="22357" started-at="2016-02-20T15:59:54Z" finished-at="2016-02-20T16:00:17Z">
      <class name="webportfolio.TestMainMenu">
        <test-method status="PASS" signature="init()[pri:0, instance:webportfolio.TestMainMenu@7e0babb1]" name="init" is-config="true" duration-ms="2547" started-at="2016-02-20T18:59:54Z" finished-at="2016-02-20T18:59:57Z">
          <reporter-output>
          </reporter-output>
        </test-method> <!-- init -->
        <test-method status="FAIL" signature="checkMenu()[pri:0, instance:webportfolio.TestMainMenu@7e0babb1]" name="checkMenu" duration-ms="19781" started-at="2016-02-20T18:59:57Z" finished-at="2016-02-20T19:00:17Z">
          <exception class="org.junit.ComparisonFailure">
            <message>
              <![CDATA[expected:<[Âñå ðåñòîðàíû Ñàíêò-Ïåòåðáóðãà: ðàñïîëîæåíèå íà êàðòå, îòçûâû, ðåéòèíã ðåñòîðàíîâ ÑÏá]> but was:<[Ð’ÑÐµ Ñ€ÐµÑÑ‚Ð¾Ñ€Ð°Ð½Ñ‹ Ð¡Ð°Ð½ÐºÑ‚-ÐŸÐµÑ‚ÐµÑ€Ð±ÑƒÑ€Ð³Ð°: Ñ€Ð°ÑÐ¿Ð¾Ð»Ð¾Ð¶ÐµÐ½Ð¸Ðµ Ð½Ð° ÐºÐ°Ñ€Ñ‚Ðµ, Ð¾Ñ‚Ð·Ñ‹Ð²Ñ‹, Ñ€ÐµÐ¹Ñ‚Ð¸Ð½Ð³ Ñ€ÐµÑÑ‚Ð¾Ñ€Ð°Ð½Ð¾Ð² Ð¡ÐŸÐ±]>]]>
            </message>
            <full-stacktrace>
              <![CDATA[org.junit.ComparisonFailure: expected:<[Âñå ðåñòîðàíû Ñàíêò-Ïåòåðáóðãà: ðàñïîëîæåíèå íà êàðòå, îòçûâû, ðåéòèíã ðåñòîðàíîâ ÑÏá]> but was:<[Ð’ÑÐµ Ñ€ÐµÑÑ‚Ð¾Ñ€Ð°Ð½Ñ‹ Ð¡Ð°Ð½ÐºÑ‚-ÐŸÐµÑ‚ÐµÑ€Ð±ÑƒÑ€Ð³Ð°: Ñ€Ð°ÑÐ¿Ð¾Ð»Ð¾Ð¶ÐµÐ½Ð¸Ðµ Ð½Ð° ÐºÐ°Ñ€Ñ‚Ðµ, Ð¾Ñ‚Ð·Ñ‹Ð²Ñ‹, Ñ€ÐµÐ¹Ñ‚Ð¸Ð½Ð³ Ñ€ÐµÑÑ‚Ð¾Ñ€Ð°Ð½Ð¾Ð² Ð¡ÐŸÐ±]>
	at org.junit.Assert.assertEquals(Assert.java:115)
	at org.junit.Assert.assertEquals(Assert.java:144)
	at webportfolio.TestMainMenu.checkMenu(TestMainMenu.java:28)
	at sun.reflect.NativeMethodAccessorImpl.invoke0(Native Method)
	at sun.reflect.NativeMethodAccessorImpl.invoke(Unknown Source)
	at sun.reflect.DelegatingMethodAccessorImpl.invoke(Unknown Source)
	at java.lang.reflect.Method.invoke(Unknown Source)
	at org.testng.internal.MethodInvocationHelper.invokeMethod(MethodInvocationHelper.java:85)
	at org.testng.internal.Invoker.invokeMethod(Invoker.java:659)
	at org.testng.internal.Invoker.invokeTestMethod(Invoker.java:845)
	at org.testng.internal.Invoker.invokeTestMethods(Invoker.java:1153)
	at org.testng.internal.TestMethodWorker.invokeTestMethods(TestMethodWorker.java:125)
	at org.testng.internal.TestMethodWorker.run(TestMethodWorker.java:108)
	at org.testng.TestRunner.privateRun(TestRunner.java:771)
	at org.testng.TestRunner.run(TestRunner.java:621)
	at org.testng.SuiteRunner.runTest(SuiteRunner.java:357)
	at org.testng.SuiteRunner.runSequentially(SuiteRunner.java:352)
	at org.testng.SuiteRunner.privateRun(SuiteRunner.java:310)
	at org.testng.SuiteRunner.run(SuiteRunner.java:259)
	at org.testng.SuiteRunnerWorker.runSuite(SuiteRunnerWorker.java:52)
	at org.testng.SuiteRunnerWorker.run(SuiteRunnerWorker.java:86)
	at org.testng.TestNG.runSuitesSequentially(TestNG.java:1199)
	at org.testng.TestNG.runSuitesLocally(TestNG.java:1124)
	at org.testng.TestNG.run(TestNG.java:1032)
	at org.testng.remote.RemoteTestNG.run(RemoteTestNG.java:111)
	at org.testng.remote.RemoteTestNG.initAndRun(RemoteTestNG.java:204)
	at org.testng.remote.RemoteTestNG.main(RemoteTestNG.java:175)
]]>
            </full-stacktrace>
          </exception> <!-- org.junit.ComparisonFailure -->
          <reporter-output>
          </reporter-output>
        </test-method> <!-- checkMenu -->
        <test-method status="PASS" signature="tearDown()[pri:0, instance:webportfolio.TestMainMenu@7e0babb1]" name="tearDown" is-config="true" duration-ms="1666" started-at="2016-02-20T19:00:17Z" finished-at="2016-02-20T19:00:19Z">
          <reporter-output>
          </reporter-output>
        </test-method> <!-- tearDown -->
      </class> <!-- webportfolio.TestMainMenu -->
    </test> <!-- Default test -->
  </suite> <!-- Default suite -->
</testng-results>
